<?xml version="1.0" encoding="UTF-8"?>
<testng-results skipped="0" failed="0" ignored="0" total="1" passed="1">
  <reporter-output>
  </reporter-output>
  <suite name="Default suite" duration-ms="14851" started-at="2021-04-24T12:11:58 IST" finished-at="2021-04-24T12:12:13 IST">
    <groups>
    </groups>
    <test name="Default test" duration-ms="14851" started-at="2021-04-24T12:11:58 IST" finished-at="2021-04-24T12:12:13 IST">
      <class name="testcase.UICases">
        <test-method status="PASS" signature="before()[pri:0, instance:testcase.UICases@ea1a8d5]" name="before" is-config="true" duration-ms="7388" started-at="2021-04-24T12:11:58 IST" finished-at="2021-04-24T12:12:06 IST">
          <reporter-output>
          </reporter-output>
        </test-method> <!-- before -->
        <test-method status="PASS" signature="TC001()[pri:0, instance:testcase.UICases@ea1a8d5]" name="TC001" duration-ms="7115" started-at="2021-04-24T12:12:06 IST" finished-at="2021-04-24T12:12:13 IST">
          <reporter-output>
          </reporter-output>
        </test-method> <!-- TC001 -->
        <test-method status="PASS" signature="after()[pri:0, instance:testcase.UICases@ea1a8d5]" name="after" is-config="true" duration-ms="296" started-at="2021-04-24T12:12:13 IST" finished-at="2021-04-24T12:12:13 IST">
          <reporter-output>
          </reporter-output>
        </test-method> <!-- after -->
      </class> <!-- testcase.UICases -->
    </test> <!-- Default test -->
  </suite> <!-- Default suite -->
</testng-results>
